----------

Tue Aug 03 2021 15:30:05 GMT-0500 (Central Daylight Time)

fatal: 'mbremer26.github.io' does not appear to be a git repository


----------

Tue Aug 03 2021 15:30:05 GMT-0500 (Central Daylight Time)

fatal: Could not read from remote repository.

Please make sure you have the correct access rights
and the repository exists.


----------

Tue Aug 03 2021 15:30:59 GMT-0500 (Central Daylight Time)

fatal: 'mbremer26.github.io' does not appear to be a git repository


----------

Tue Aug 03 2021 15:30:59 GMT-0500 (Central Daylight Time)

fatal: Could not read from remote repository.

Please make sure you have the correct access rights
and the repository exists.


----------

Tue Aug 03 2021 15:32:21 GMT-0500 (Central Daylight Time)

fatal: 'mbremer26.github.io' does not appear to be a git repository


----------

Tue Aug 03 2021 15:32:21 GMT-0500 (Central Daylight Time)

fatal: Could not read from remote repository.

Please make sure you have the correct access rights
and the repository exists.


----------

Tue Aug 03 2021 15:46:38 GMT-0500 (Central Daylight Time)

fatal: 'mbremer26.github.io' does not appear to be a git repository


----------

Tue Aug 03 2021 15:46:38 GMT-0500 (Central Daylight Time)

fatal: Could not read from remote repository.

Please make sure you have the correct access rights
and the repository exists.


----------

Tue Aug 03 2021 15:47:37 GMT-0500 (Central Daylight Time)

fatal: 'mbremer26.github.io' does not appear to be a git repository


----------

Tue Aug 03 2021 15:47:37 GMT-0500 (Central Daylight Time)

fatal: Could not read from remote repository.

Please make sure you have the correct access rights
and the repository exists.


----------

Tue Aug 03 2021 15:50:33 GMT-0500 (Central Daylight Time)

fatal: 'mbremer26.github.io' does not appear to be a git repository


----------

Tue Aug 03 2021 15:50:33 GMT-0500 (Central Daylight Time)

fatal: Could not read from remote repository.

Please make sure you have the correct access rights
and the repository exists.


----------

Tue Aug 03 2021 15:52:10 GMT-0500 (Central Daylight Time)

To github.com:mbremer26/mbremer26.github.io.git
   6210953..e0e30fe  main -> main


----------

Tue Aug 03 2021 15:53:03 GMT-0500 (Central Daylight Time)

To github.com:mbremer26/mbremer26.github.io.git
   e0e30fe..035ad79  main -> main


----------

Tue Aug 03 2021 15:53:36 GMT-0500 (Central Daylight Time)

To github.com:mbremer26/mbremer26.github.io.git
   035ad79..ba2414d  main -> main


